2025-02-02 00:00:34 DEBUG TestNG:82 - suiteXmlPath: "/Users/ashik/eclipse-workspace/OpencartV121/master.xml"
2025-02-02 00:00:34 INFO  Utils:112 - [TestNG] Running:
  /Users/ashik/eclipse-workspace/OpencartV121/master.xml

2025-02-02 00:05:11 DEBUG TestNG:82 - suiteXmlPath: "/Users/ashik/eclipse-workspace/OpencartV121/master.xml"
2025-02-02 00:05:11 INFO  Utils:112 - [TestNG] Running:
  /Users/ashik/eclipse-workspace/OpencartV121/master.xml

2025-02-02 00:05:25 INFO  TC02_LoginTest:13 - Test started
2025-02-02 00:07:34 DEBUG TestNG:82 - suiteXmlPath: "/Users/ashik/eclipse-workspace/OpencartV121/master.xml"
2025-02-02 00:07:34 INFO  Utils:112 - [TestNG] Running:
  /Users/ashik/eclipse-workspace/OpencartV121/master.xml

2025-02-02 00:07:45 INFO  TC02_LoginTest:13 - Test started
2025-02-02 00:10:43 DEBUG TestNG:82 - suiteXmlPath: "/Users/ashik/eclipse-workspace/OpencartV121/master.xml"
2025-02-02 00:10:44 INFO  Utils:112 - [TestNG] Running:
  /Users/ashik/eclipse-workspace/OpencartV121/master.xml

2025-02-02 00:10:55 INFO  TC02_LoginTest:13 - Test started
2025-02-02 00:17:10 DEBUG TestNG:82 - suiteXmlPath: "/Users/ashik/eclipse-workspace/OpencartV121/master.xml"
2025-02-02 00:17:11 INFO  Utils:112 - [TestNG] Running:
  /Users/ashik/eclipse-workspace/OpencartV121/master.xml

2025-02-02 00:17:22 INFO  TC02_LoginTest:13 - Test started
2025-02-02 00:18:50 DEBUG TestNG:82 - suiteXmlPath: "/Users/ashik/eclipse-workspace/OpencartV121/master.xml"
2025-02-02 00:18:50 INFO  Utils:112 - [TestNG] Running:
  /Users/ashik/eclipse-workspace/OpencartV121/master.xml

2025-02-02 00:19:01 INFO  TC01_AccountRegistrationTest:20 - Test started
2025-02-02 00:19:20 INFO  TC02_LoginTest:13 - Test started
2025-02-02 09:08:26 DEBUG TestNG:82 - suiteXmlPath: "/Users/ashik/eclipse-workspace/OpencartV121/master.xml"
2025-02-02 09:08:27 INFO  Utils:112 - [TestNG] Running:
  /Users/ashik/eclipse-workspace/OpencartV121/master.xml

2025-02-02 09:08:38 INFO  TC01_AccountRegistrationTest:20 - Test started
2025-02-02 09:08:47 ERROR TC01_AccountRegistrationTest:44 - Test failed
2025-02-02 09:08:47 DEBUG TC01_AccountRegistrationTest:45 - Debug logs
2025-02-02 09:09:59 DEBUG TestNG:82 - suiteXmlPath: "/Users/ashik/eclipse-workspace/OpencartV121/master.xml"
2025-02-02 09:09:59 INFO  Utils:112 - [TestNG] Running:
  /Users/ashik/eclipse-workspace/OpencartV121/master.xml

2025-02-02 09:10:10 INFO  TC01_AccountRegistrationTest:20 - Test started
2025-02-02 09:10:20 ERROR TC01_AccountRegistrationTest:44 - Test failed
2025-02-02 09:10:20 DEBUG TC01_AccountRegistrationTest:45 - Debug logs
2025-02-02 09:16:32 DEBUG TestNG:82 - suiteXmlPath: "/Users/ashik/eclipse-workspace/OpencartV121/master.xml"
2025-02-02 09:16:33 INFO  Utils:112 - [TestNG] Running:
  /Users/ashik/eclipse-workspace/OpencartV121/master.xml

2025-02-02 09:16:44 INFO  TC01_AccountRegistrationTest:20 - Test started
2025-02-02 09:17:02 INFO  TC02_LoginTest:13 - Test started
2025-02-02 13:46:29 DEBUG TestNG:82 - suiteXmlPath: "/Users/ashik/eclipse-workspace/OpencartV121/master.xml"
2025-02-02 13:46:29 INFO  Utils:112 - [TestNG] Running:
  /Users/ashik/eclipse-workspace/OpencartV121/master.xml

2025-02-02 13:47:08 DEBUG TestNG:82 - suiteXmlPath: "/Users/ashik/eclipse-workspace/OpencartV121/master.xml"
2025-02-02 13:47:08 INFO  Utils:112 - [TestNG] Running:
  /Users/ashik/eclipse-workspace/OpencartV121/master.xml

2025-02-02 13:51:18 DEBUG TestNG:82 - suiteXmlPath: "/Users/ashik/eclipse-workspace/OpencartV121/master.xml"
2025-02-02 13:51:19 INFO  Utils:112 - [TestNG] Running:
  /Users/ashik/eclipse-workspace/OpencartV121/master.xml

2025-02-02 14:03:28 DEBUG TestNG:82 - suiteXmlPath: "/Users/ashik/eclipse-workspace/OpencartV121/master.xml"
2025-02-02 14:03:28 INFO  Utils:112 - [TestNG] Running:
  /Users/ashik/eclipse-workspace/OpencartV121/master.xml

2025-02-02 15:25:45 DEBUG TestNG:82 - suiteXmlPath: "/Users/ashik/eclipse-workspace/OpencartV121/master.xml"
2025-02-02 15:25:46 INFO  Utils:112 - [TestNG] Running:
  /Users/ashik/eclipse-workspace/OpencartV121/master.xml

2025-02-02 15:41:08 DEBUG TestNG:82 - suiteXmlPath: "/Users/ashik/eclipse-workspace/OpencartV121/master.xml"
2025-02-02 15:41:08 INFO  Utils:112 - [TestNG] Running:
  /Users/ashik/eclipse-workspace/OpencartV121/master.xml

2025-02-02 15:41:36 DEBUG TestNG:82 - suiteXmlPath: "/Users/ashik/eclipse-workspace/OpencartV121/master.xml"
2025-02-02 15:41:36 INFO  Utils:112 - [TestNG] Running:
  /Users/ashik/eclipse-workspace/OpencartV121/master.xml

2025-02-02 15:43:27 DEBUG TestNG:82 - suiteXmlPath: "/Users/ashik/eclipse-workspace/OpencartV121/master.xml"
2025-02-02 15:43:28 INFO  Utils:112 - [TestNG] Running:
  /Users/ashik/eclipse-workspace/OpencartV121/master.xml

2025-02-02 15:44:13 DEBUG TestNG:82 - suiteXmlPath: "/Users/ashik/eclipse-workspace/OpencartV121/master.xml"
2025-02-02 15:44:14 INFO  Utils:112 - [TestNG] Running:
  /Users/ashik/eclipse-workspace/OpencartV121/master.xml

2025-02-02 15:44:48 DEBUG TestNG:82 - suiteXmlPath: "/Users/ashik/eclipse-workspace/OpencartV121/master.xml"
2025-02-02 15:44:49 INFO  Utils:112 - [TestNG] Running:
  /Users/ashik/eclipse-workspace/OpencartV121/master.xml

2025-02-02 16:40:50 DEBUG TestNG:82 - suiteXmlPath: "/Users/ashik/eclipse-workspace/OpencartV121/master.xml"
2025-02-02 16:40:51 INFO  Utils:112 - [TestNG] Running:
  /Users/ashik/eclipse-workspace/OpencartV121/master.xml

2025-02-02 17:15:39 DEBUG TestNG:82 - suiteXmlPath: "/Users/ashik/eclipse-workspace/OpencartV121/master.xml"
2025-02-02 17:15:40 INFO  Utils:112 - [TestNG] Running:
  /Users/ashik/eclipse-workspace/OpencartV121/master.xml

2025-02-02 17:20:05 DEBUG TestNG:82 - suiteXmlPath: "/Users/ashik/eclipse-workspace/OpencartV121/master.xml"
2025-02-02 17:20:06 INFO  Utils:112 - [TestNG] Running:
  /Users/ashik/eclipse-workspace/OpencartV121/master.xml

2025-02-02 17:23:22 DEBUG TestNG:82 - suiteXmlPath: "/Users/ashik/eclipse-workspace/OpencartV121/master.xml"
2025-02-02 17:23:23 INFO  Utils:112 - [TestNG] Running:
  /Users/ashik/eclipse-workspace/OpencartV121/master.xml

2025-02-02 17:26:30 DEBUG TestNG:82 - suiteXmlPath: "/Users/ashik/eclipse-workspace/OpencartV121/master.xml"
2025-02-02 17:26:31 INFO  Utils:112 - [TestNG] Running:
  /Users/ashik/eclipse-workspace/OpencartV121/master.xml

2025-02-02 17:52:37 DEBUG TestNG:82 - suiteXmlPath: "/Users/ashik/eclipse-workspace/OpencartV121/master.xml"
2025-02-02 17:53:11 DEBUG TestNG:82 - suiteXmlPath: "/Users/ashik/eclipse-workspace/OpencartV121/master.xml"
2025-02-02 17:53:31 DEBUG TestNG:82 - suiteXmlPath: "/Users/ashik/eclipse-workspace/OpencartV121/master.xml"
2025-02-02 17:54:05 DEBUG TestNG:82 - suiteXmlPath: "/Users/ashik/eclipse-workspace/OpencartV121/master.xml"
2025-02-02 17:54:06 INFO  Utils:112 - [TestNG] Running:
  /Users/ashik/eclipse-workspace/OpencartV121/master.xml

2025-02-02 17:56:14 DEBUG TestNG:82 - suiteXmlPath: "/Users/ashik/eclipse-workspace/OpencartV121/master.xml"
2025-02-02 17:56:14 INFO  Utils:112 - [TestNG] Running:
  /Users/ashik/eclipse-workspace/OpencartV121/master.xml

2025-02-02 17:57:15 DEBUG TestNG:82 - suiteXmlPath: "/Users/ashik/eclipse-workspace/OpencartV121/master.xml"
2025-02-02 17:57:15 INFO  Utils:112 - [TestNG] Running:
  /Users/ashik/eclipse-workspace/OpencartV121/master.xml

2025-02-02 17:57:57 DEBUG TestNG:82 - suiteXmlPath: "/Users/ashik/eclipse-workspace/OpencartV121/master.xml"
2025-02-02 17:57:57 INFO  Utils:112 - [TestNG] Running:
  /Users/ashik/eclipse-workspace/OpencartV121/master.xml

2025-02-02 17:59:52 DEBUG TestNG:82 - suiteXmlPath: "/var/folders/lq/8xn99vqx155fkb47t7zlgcg00000gq/T/testng-eclipse--2129111884/testng-customsuite.xml"
2025-02-02 17:59:52 INFO  Utils:112 - [Utils] MethodGroupsHelper.collectMethodsByGroup() took 0 ms.
2025-02-02 17:59:52 INFO  Utils:112 - [Utils] MethodGroupsHelper.sortMethods() took 1 ms.
2025-02-02 17:59:52 INFO  Utils:112 - [Utils] MethodGroupsHelper.collectMethodsByGroup() took 0 ms.
2025-02-02 17:59:52 INFO  Utils:112 - [Utils] MethodGroupsHelper.sortMethods() took 0 ms.
2025-02-02 17:59:52 INFO  Utils:112 - [Utils] MethodGroupsHelper.collectMethodsByGroup() took 0 ms.
2025-02-02 17:59:52 INFO  Utils:112 - [Utils] MethodGroupsHelper.sortMethods() took 0 ms.
2025-02-02 17:59:52 INFO  Utils:112 - [Utils] MethodGroupsHelper.collectMethodsByGroup() took 0 ms.
2025-02-02 17:59:52 INFO  Utils:112 - [Utils] MethodGroupsHelper.sortMethods() took 0 ms.
2025-02-02 17:59:52 INFO  Utils:112 - [Utils] MethodGroupsHelper.collectMethodsByGroup() took 6 ms.
2025-02-02 17:59:52 INFO  Utils:112 - [Utils] MethodGroupsHelper.sortMethods() took 17 ms.
2025-02-02 17:59:52 INFO  Utils:112 - [Utils] MethodGroupsHelper.collectMethodsByGroup() took 0 ms.
2025-02-02 17:59:52 INFO  Utils:112 - [Utils] MethodGroupsHelper.sortMethods() took 0 ms.
2025-02-02 17:59:52 INFO  Utils:112 - [Utils] MethodGroupsHelper.collectMethodsByGroup() took 0 ms.
2025-02-02 17:59:52 INFO  Utils:112 - [Utils] MethodGroupsHelper.sortMethods() took 0 ms.
2025-02-02 17:59:52 INFO  Utils:112 - [Utils] MethodGroupsHelper.collectMethodsByGroup() took 0 ms.
2025-02-02 17:59:52 INFO  Utils:112 - [Utils] MethodGroupsHelper.sortMethods() took 0 ms.
2025-02-02 17:59:52 INFO  Utils:112 - [Utils] MethodGroupsHelper.collectMethodsByGroup() took 0 ms.
2025-02-02 17:59:52 INFO  Utils:112 - [Utils] MethodGroupsHelper.sortMethods() took 0 ms.
2025-02-02 17:59:52 INFO  Utils:112 - [Utils] MethodGroupsHelper.collectMethodsByGroup() took 0 ms.
2025-02-02 17:59:52 INFO  Utils:112 - [Utils] MethodGroupsHelper.sortMethods() took 0 ms.
2025-02-02 17:59:52 INFO  Utils:112 - [Utils] MethodGroupsHelper.collectMethodsByGroup() took 0 ms.
2025-02-02 17:59:52 INFO  Utils:112 - [Utils] MethodGroupsHelper.sortMethods() took 0 ms.
2025-02-02 17:59:52 INFO  Utils:112 - [Utils] MethodGroupsHelper.collectMethodsByGroup() took 0 ms.
2025-02-02 17:59:52 INFO  Utils:112 - [Utils] MethodGroupsHelper.sortMethods() took 0 ms.
2025-02-02 17:59:52 INFO  Utils:112 - [Utils] MethodGroupsHelper.collectMethodsByGroup() took 1 ms.
2025-02-02 17:59:52 INFO  Utils:112 - [Utils] MethodGroupsHelper.sortMethods() took 0 ms.
2025-02-02 17:59:52 INFO  Utils:112 - [Utils] MethodGroupsHelper.collectMethodsByGroup() took 0 ms.
2025-02-02 17:59:52 INFO  Utils:112 - [Utils] MethodGroupsHelper.sortMethods() took 0 ms.
2025-02-02 17:59:52 INFO  Utils:112 - [Utils] MethodGroupsHelper.collectMethodsByGroup() took 0 ms.
2025-02-02 17:59:52 INFO  Utils:112 - [Utils] MethodGroupsHelper.sortMethods() took 0 ms.
2025-02-02 17:59:52 INFO  Utils:112 - [TestNG] Running:
  /private/var/folders/lq/8xn99vqx155fkb47t7zlgcg00000gq/T/testng-eclipse--2129111884/testng-customsuite.xml

2025-02-02 17:59:52 INFO  Utils:112 - [Utils] DynamicGraphHelper.createDynamicGraph() took 3 ms.
2025-02-02 17:59:53 INFO  Utils:112 - [TestNG] Time taken by org.testng.reporters.jq.Main@48c40605: 56 ms
2025-02-02 17:59:53 INFO  Utils:112 - [TestNG] Time taken by org.testng.reporters.FailedReporter@307765b4: 13 ms
2025-02-02 17:59:53 INFO  Utils:112 - [TestNG] Time taken by org.testng.reporters.XMLReporter@538613b3: 14 ms
2025-02-02 17:59:53 INFO  Utils:112 - [TestNG] Time taken by org.testng.reporters.EmailableReporter2@7a11c4c7: 14 ms
2025-02-02 17:59:53 INFO  Utils:112 - [TestNG] Time taken by org.testng.reporters.JUnitReportReporter@5cc5b667: 11 ms
2025-02-02 17:59:53 INFO  Utils:112 - [TestNG] Time taken by org.testng.internal.ExitCodeListener@61edc883: 1 ms
2025-02-02 18:01:38 DEBUG TestNG:82 - suiteXmlPath: "/Users/ashik/eclipse-workspace/OpencartV121/master.xml"
2025-02-02 18:01:38 INFO  Utils:112 - [TestNG] Running:
  /Users/ashik/eclipse-workspace/OpencartV121/master.xml

2025-02-02 18:02:46 DEBUG TestNG:82 - suiteXmlPath: "/Users/ashik/eclipse-workspace/OpencartV121/master.xml"
2025-02-02 18:02:47 INFO  Utils:112 - [TestNG] Running:
  /Users/ashik/eclipse-workspace/OpencartV121/master.xml

2025-02-02 18:06:33 DEBUG TestNG:82 - suiteXmlPath: "/Users/ashik/eclipse-workspace/OpencartV121/master.xml"
2025-02-02 18:06:33 INFO  Utils:112 - [TestNG] Running:
  /Users/ashik/eclipse-workspace/OpencartV121/master.xml

2025-02-02 18:07:10 DEBUG TestNG:82 - suiteXmlPath: "/Users/ashik/eclipse-workspace/OpencartV121/master.xml"
2025-02-02 18:07:10 INFO  Utils:112 - [TestNG] Running:
  /Users/ashik/eclipse-workspace/OpencartV121/master.xml

2025-02-02 18:08:54 DEBUG TestNG:82 - suiteXmlPath: "/Users/ashik/eclipse-workspace/OpencartV121/master.xml"
2025-02-02 18:08:54 INFO  Utils:112 - [TestNG] Running:
  /Users/ashik/eclipse-workspace/OpencartV121/master.xml

2025-02-02 18:10:30 DEBUG TestNG:82 - suiteXmlPath: "/Users/ashik/eclipse-workspace/OpencartV121/master.xml"
2025-02-02 18:10:30 INFO  Utils:112 - [TestNG] Running:
  /Users/ashik/eclipse-workspace/OpencartV121/master.xml

2025-02-02 18:11:09 DEBUG TestNG:82 - suiteXmlPath: "/Users/ashik/eclipse-workspace/OpencartV121/master.xml"
2025-02-02 18:11:10 INFO  Utils:112 - [TestNG] Running:
  /Users/ashik/eclipse-workspace/OpencartV121/master.xml

2025-02-02 18:13:34 DEBUG TestNG:82 - suiteXmlPath: "/Users/ashik/eclipse-workspace/OpencartV121/master.xml"
2025-02-02 18:13:34 INFO  Utils:112 - [TestNG] Running:
  /Users/ashik/eclipse-workspace/OpencartV121/master.xml

2025-02-02 18:16:37 DEBUG TestNG:82 - suiteXmlPath: "/Users/ashik/eclipse-workspace/OpencartV121/master.xml"
2025-02-02 18:16:37 INFO  Utils:112 - [TestNG] Running:
  /Users/ashik/eclipse-workspace/OpencartV121/master.xml

2025-02-02 18:22:22 DEBUG TestNG:82 - suiteXmlPath: "/Users/ashik/eclipse-workspace/OpencartV121/master.xml"
2025-02-02 18:22:23 INFO  Utils:112 - [TestNG] Running:
  /Users/ashik/eclipse-workspace/OpencartV121/master.xml

2025-02-02 18:23:49 DEBUG TestNG:82 - suiteXmlPath: "/Users/ashik/eclipse-workspace/OpencartV121/master.xml"
2025-02-02 18:23:50 INFO  Utils:112 - [TestNG] Running:
  /Users/ashik/eclipse-workspace/OpencartV121/master.xml

